Base path: D:/SoftwareInstalled/Unity/Editor/Data
Pipe name: \\.\pipe\UnityShaderCompiler-32bit-1-23224
Cmd: getPlatforms
Cmd: preprocess
  insize=986 outsize=1690 ok=1
Cmd: compileSnippet
  api=4 type=0 insize=7739 outsize=4857 kw=DIRECTIONAL SHADOWS_OFF LIGHTMAP_OFF DIRLIGHTMAP_OFF DYNAMICLIGHTMAP_OFF ok=1
Cmd: compileSnippet
  api=4 type=1 insize=7739 outsize=3062 kw=DIRECTIONAL SHADOWS_OFF LIGHTMAP_OFF DIRLIGHTMAP_OFF DYNAMICLIGHTMAP_OFF ok=1
Cmd: compileSnippet
  api=4 type=0 insize=4934 outsize=3939 kw=POINT ok=1
Cmd: compileSnippet
  api=4 type=1 insize=4934 outsize=2655 kw=POINT ok=1
Cmd: compileSnippet
  api=4 type=0 insize=4139 outsize=3898 kw= ok=1
Cmd: compileSnippet
  api=4 type=1 insize=4139 outsize=1510 kw= ok=1
Cmd: compileSnippet
  api=4 type=0 insize=6961 outsize=5109 kw=LIGHTMAP_OFF DIRLIGHTMAP_OFF DYNAMICLIGHTMAP_OFF HDR_LIGHT_PREPASS_OFF ok=1
Cmd: compileSnippet
  api=4 type=1 insize=6961 outsize=2330 kw=LIGHTMAP_OFF DIRLIGHTMAP_OFF DYNAMICLIGHTMAP_OFF HDR_LIGHT_PREPASS_OFF ok=1
Cmd: compileSnippet
  api=4 type=0 insize=7430 outsize=5345 kw=LIGHTMAP_OFF DIRLIGHTMAP_OFF DYNAMICLIGHTMAP_OFF HDR_LIGHT_PREPASS_OFF ok=1
Cmd: compileSnippet
  api=4 type=1 insize=7430 outsize=2883 kw=LIGHTMAP_OFF DIRLIGHTMAP_OFF DYNAMICLIGHTMAP_OFF HDR_LIGHT_PREPASS_OFF ok=1
Cmd: compileSnippet
  api=4 type=0 insize=4480 outsize=4670 kw= ok=1
Cmd: compileSnippet
  api=4 type=1 insize=4480 outsize=3825 kw= ok=1
Cmd: compileSnippet
  api=4 type=0 insize=4934 outsize=3939 kw=DIRECTIONAL ok=1
Cmd: compileSnippet
  api=4 type=1 insize=4934 outsize=1875 kw=DIRECTIONAL ok=1
Cmd: compileSnippet
  api=0 type=0 insize=7739 outsize=4154 kw=DIRECTIONAL SHADOWS_OFF LIGHTMAP_OFF DIRLIGHTMAP_OFF DYNAMICLIGHTMAP_OFF ok=1
Cmd: compileSnippet
  api=8 type=0 insize=7739 outsize=9377 kw=DIRECTIONAL SHADOWS_OFF LIGHTMAP_OFF DIRLIGHTMAP_OFF DYNAMICLIGHTMAP_OFF VERTEXLIGHT_ON ok=1
Cmd: compileSnippet
  api=0 type=1 insize=7739 outsize=6 kw=DIRECTIONAL SHADOWS_OFF LIGHTMAP_OFF DIRLIGHTMAP_OFF DYNAMICLIGHTMAP_OFF ok=1
Cmd: compileSnippet
  api=1 type=1 insize=7739 outsize=857 kw=DIRECTIONAL SHADOWS_SCREEN LIGHTMAP_OFF DIRLIGHTMAP_OFF DYNAMICLIGHTMAP_OFF ok=1
Cmd: compileSnippet
  api=0 type=0 insize=4934 outsize=3076 kw=POINT ok=1
Cmd: compileSnippet
  api=1 type=0 insize=4934 outsize=725 kw=SPOT ok=1
Cmd: compileSnippet
  api=8 type=0 insize=4934 outsize=5672 kw=SPOT ok=1
Cmd: compileSnippet
  api=8 type=0 insize=4934 outsize=5672 kw=POINT_COOKIE ok=1
Cmd: compileSnippet
  api=0 type=1 insize=4934 outsize=6 kw=POINT ok=1
Cmd: compileSnippet
  api=1 type=1 insize=4934 outsize=519 kw=DIRECTIONAL ok=1
Cmd: compileSnippet
  api=0 type=1 insize=4934 outsize=6 kw=SPOT ok=1
Cmd: compileSnippet
  api=4 type=1 insize=4934 outsize=3151 kw=SPOT ok=1
Cmd: compileSnippet
  api=8 type=1 insize=4934 outsize=4323 kw=POINT_COOKIE ok=1
Cmd: compileSnippet
  api=0 type=0 insize=4139 outsize=2401 kw= ok=1
Cmd: compileSnippet
  api=0 type=1 insize=4139 outsize=6 kw= ok=1
Cmd: compileSnippet
  api=0 type=0 insize=6961 outsize=4723 kw=LIGHTMAP_OFF DIRLIGHTMAP_OFF DYNAMICLIGHTMAP_OFF HDR_LIGHT_PREPASS_OFF ok=1
Cmd: compileSnippet
  api=4 type=0 insize=6961 outsize=5109 kw=LIGHTMAP_OFF DIRLIGHTMAP_OFF DYNAMICLIGHTMAP_OFF UNITY_HDR_ON ok=1
Cmd: compileSnippet
  api=0 type=1 insize=6961 outsize=6 kw=LIGHTMAP_OFF DIRLIGHTMAP_OFF DYNAMICLIGHTMAP_OFF HDR_LIGHT_PREPASS_OFF ok=1
Cmd: compileSnippet
  api=1 type=1 insize=6961 outsize=532 kw=LIGHTMAP_OFF DIRLIGHTMAP_OFF DYNAMICLIGHTMAP_OFF UNITY_HDR_ON ok=1
Cmd: compileSnippet
  api=0 type=0 insize=7430 outsize=4646 kw=LIGHTMAP_OFF DIRLIGHTMAP_OFF DYNAMICLIGHTMAP_OFF HDR_LIGHT_PREPASS_OFF ok=1
Cmd: compileSnippet
  api=0 type=1 insize=7430 outsize=6 kw=LIGHTMAP_OFF DIRLIGHTMAP_OFF DYNAMICLIGHTMAP_OFF HDR_LIGHT_PREPASS_OFF ok=1
Cmd: compileSnippet
  api=1 type=1 insize=7430 outsize=716 kw=LIGHTMAP_OFF DIRLIGHTMAP_OFF DYNAMICLIGHTMAP_OFF UNITY_HDR_ON ok=1
